<?xml version="1.0" encoding="UTF-8"?>
<testsuite name="TestDefaultAndNamedParams" tests="1" skipped="0" failures="0" errors="0" timestamp="2022-05-23T07:47:27" hostname="SBGML06119" time="0.022">
  <properties/>
  <testcase name="testDefaultAndNamedParams" classname="TestDefaultAndNamedParams" time="0.022"/>
  <system-out><![CDATA[]]></system-out>
  <system-err><![CDATA[]]></system-err>
</testsuite>
